2025-02-18 16:29:46,109 - detector_fadiga - INFO - Sistema de logging inicializado
2025-02-18 16:29:46,160 - detector_fadiga - ERROR - Erro ao inicializar alertas sonoros: No file 'sounds/alert.mp3' found in working directory 'C:\Users\Lucas Neves\Documents\DOCUMENTOSDIVERSOS\DocumentosFaculdade\TCC\Driver-Drowsiness'.
2025-02-18 16:29:46,160 - detector_fadiga - INFO - MediaPipe inicializado
2025-02-18 16:29:46,160 - detector_fadiga - INFO - Novo modelo de detecção de anomalias criado
2025-02-18 16:29:46,161 - detector_fadiga - INFO - Threads secundárias iniciadas
2025-02-18 16:29:48,493 - detector_fadiga - INFO - Iniciando detector de fadiga avançado...
2025-02-18 16:29:49,142 - detector_fadiga - ERROR - Erro na avaliação de fadiga: SVD did not converge in Linear Least Squares
2025-02-18 16:30:11,626 - detector_fadiga - WARNING - ALERTA: Fadiga detectada - Nível de fadiga: 85.0
2025-02-18 16:30:14,635 - detector_fadiga - WARNING - ALERTA: Fadiga detectada - Nível de fadiga: 70.0
2025-02-18 16:30:17,656 - detector_fadiga - WARNING - ALERTA: Fadiga detectada - Nível de fadiga: 70.0
2025-02-18 16:30:20,682 - detector_fadiga - WARNING - ALERTA: Fadiga detectada - Nível de fadiga: 70.0
2025-02-18 16:30:23,688 - detector_fadiga - WARNING - ALERTA: Fadiga detectada - Nível de fadiga: 70.0
2025-02-18 16:30:26,711 - detector_fadiga - WARNING - ALERTA: Fadiga detectada - Nível de fadiga: 70.0
2025-02-18 16:30:29,720 - detector_fadiga - WARNING - ALERTA: Fadiga detectada - Nível de fadiga: 70.0
2025-02-18 16:30:32,744 - detector_fadiga - WARNING - ALERTA: Fadiga detectada - Nível de fadiga: 70.0
2025-02-18 16:30:35,767 - detector_fadiga - WARNING - ALERTA: Fadiga detectada - Nível de fadiga: 70.0
2025-02-18 16:30:38,774 - detector_fadiga - WARNING - ALERTA: Fadiga detectada - Nível de fadiga: 70.0
2025-02-18 16:30:41,801 - detector_fadiga - WARNING - ALERTA: Fadiga detectada - Nível de fadiga: 70.0
2025-02-18 16:30:44,825 - detector_fadiga - WARNING - ALERTA: Fadiga detectada - Nível de fadiga: 70.0
2025-02-18 16:30:47,832 - detector_fadiga - WARNING - ALERTA: Fadiga detectada - Nível de fadiga: 70.0
2025-02-18 16:30:50,854 - detector_fadiga - WARNING - ALERTA: Fadiga detectada - Nível de fadiga: 70.0
2025-02-18 16:30:53,880 - detector_fadiga - WARNING - ALERTA: Fadiga detectada - Nível de fadiga: 70.0
2025-02-18 16:30:56,887 - detector_fadiga - WARNING - ALERTA: Fadiga detectada - Nível de fadiga: 70.0
2025-02-18 16:30:59,910 - detector_fadiga - WARNING - ALERTA: Fadiga detectada - Nível de fadiga: 70.0
2025-02-18 16:31:02,935 - detector_fadiga - WARNING - ALERTA: Fadiga detectada - Nível de fadiga: 70.0
2025-02-18 16:31:05,943 - detector_fadiga - WARNING - ALERTA: Fadiga detectada - Nível de fadiga: 70.0
